2018-07-10 22:09:40,078 - INFO - Send {'action': 'presence', 'user': {'account_name': 'Anonymous_165', 'status': "Yep, I'am here!"}, 'time': ' 10:09PM'}.
2018-07-10 22:09:40,092 - INFO - Received [{'response': 200, 'time': ' 10:09PM'}]
2018-07-10 22:51:17,609 - INFO - Send {'action': 'presence', 'user': {'account_name': 'Anonymous_138', 'status': "Yep, I'am here!"}, 'time': ' 10:51PM'}.
2018-07-10 22:51:17,625 - INFO - Received [{'response': 200, 'time': ' 10:51PM'}]
2018-07-10 23:04:31,974 - INFO - Send {'action': 'presence', 'user': {'account_name': 'Anonymous_690', 'status': "Yep, I'am here!"}, 'time': ' 11:04PM'}.
2018-07-10 23:04:31,990 - INFO - Received [{'response': 200, 'time': ' 11:04PM'}]
2018-07-10 23:04:37,457 - INFO - Send {'action': 'presence', 'user': {'account_name': 'Anonymous_507', 'status': "Yep, I'am here!"}, 'time': ' 11:04'}.
2018-07-10 23:04:37,465 - INFO - Received [{'response': 200, 'time': ' 11:04PM'}]
2018-07-10 23:04:37,531 - INFO - Send {'action': 'get_contacts', 'time': ' 11:04'}.
2018-07-10 23:04:37,670 - INFO - Received [{'response': 202, 'quantity': 0, 'time': ' 11:04PM'}]
2018-07-10 23:06:31,922 - INFO - Send {'action': 'add_contact', 'user_name': 'Anonymous_690', 'time': ' 11:06'}.
2018-07-10 23:06:32,058 - INFO - Received [{'response': 200, 'time': ' 11:06PM'}]
2018-07-10 23:06:32,123 - INFO - Send {'action': 'get_contacts', 'time': ' 11:06'}.
2018-07-10 23:06:32,264 - INFO - Received [{'action': 'contact_list', 'account_name': 'Anonymous_690', 'time': ' 11:06PM'}]
2018-07-10 23:06:32,264 - INFO - Received [{'response': 202, 'quantity': 1, 'time': ' 11:06PM'}]
2018-07-10 23:06:42,341 - INFO - Send {'action': 'msg', 'text': 'Privet', 'to': 'Anonymous_690', 'time': ' 11:06'}.
2018-07-10 23:06:42,484 - INFO - Received [{'action': 'msg', 'text': 'Privet', 'to': 'Anonymous_690', '_from': 'Anonymous_507', 'time': ' 11:06PM'}]
2018-07-10 23:06:42,484 - INFO - Received [{'response': 200, 'time': ' 11:06PM'}]
2018-07-10 23:06:58,789 - INFO - Send {'action': 'get_contacts', 'time': ' 11:06PM'}.
2018-07-10 23:06:58,914 - INFO - Received [{'response': 202, 'quantity': 0, 'time': ' 11:06PM'}]
2018-07-10 23:07:28,041 - INFO - Send {'action': 'add_contact', 'user_name': 'Anonymous_507', 'time': ' 11:07PM'}.
2018-07-10 23:07:28,172 - INFO - Received [{'response': 200, 'time': ' 11:07PM'}]
2018-07-10 23:07:34,288 - INFO - Send {'action': 'get_contacts', 'time': ' 11:07PM'}.
2018-07-10 23:07:34,385 - INFO - Received [{'action': 'contact_list', 'account_name': 'Anonymous_507', 'time': ' 11:07PM'}]
2018-07-10 23:07:34,385 - INFO - Received [{'response': 202, 'quantity': 1, 'time': ' 11:07PM'}]
2018-07-10 23:07:44,670 - INFO - Send {'action': 'msg', 'text': 'Privet', 'time': ' 11:07PM'}.
2018-07-10 23:07:44,805 - INFO - Received [{'action': 'msg', 'text': 'Privet', 'to': 'Anonymous_507', '_from': 'Anonymous_690', 'time': ' 11:07PM'}]
2018-07-10 23:07:44,805 - INFO - Received [{'response': 200, 'time': ' 11:07PM'}]
2018-07-10 23:11:31,914 - INFO - Send {'action': 'presence', 'user': {'account_name': 'Anonymous_65', 'status': "Yep, I'am here!"}, 'time': ' 11:11PM'}.
2018-07-10 23:11:31,933 - INFO - Received [{'response': 200, 'time': ' 11:11PM'}]
2018-07-10 23:11:36,263 - INFO - Send {'action': 'presence', 'user': {'account_name': 'Anonymous_907', 'status': "Yep, I'am here!"}, 'time': ' 11:11'}.
2018-07-10 23:11:36,272 - INFO - Received [{'response': 200, 'time': ' 11:11PM'}]
2018-07-10 23:11:36,337 - INFO - Send {'action': 'get_contacts', 'time': ' 11:11'}.
2018-07-10 23:11:36,476 - INFO - Received [{'response': 202, 'quantity': 0, 'time': ' 11:11PM'}]
2018-07-10 23:12:18,154 - INFO - Send {'action': 'add_contact', 'user_name': 'Anonimous_65', 'time': ' 11:12'}.
2018-07-10 23:12:18,347 - INFO - Received [{'response': 400, 'error': 'Contact does not exist', 'time': ' 11:12PM'}]
2018-07-10 23:12:18,355 - INFO - Send {'action': 'get_contacts', 'time': ' 11:12'}.
2018-07-10 23:12:18,551 - INFO - Received [{'response': 202, 'quantity': 0, 'time': ' 11:12PM'}]
2018-07-10 23:12:27,976 - INFO - Send {'action': 'add_contact', 'user_name': 'Anonymous_65', 'time': ' 11:12'}.
2018-07-10 23:12:28,176 - INFO - Send {'action': 'get_contacts', 'time': ' 11:12'}.
2018-07-10 23:12:28,177 - INFO - Received [{'response': 200, 'time': ' 11:12PM'}]
2018-07-10 23:12:28,382 - INFO - Received [{'action': 'contact_list', 'account_name': 'Anonymous_65', 'time': ' 11:12PM'}]
2018-07-10 23:12:28,382 - INFO - Received [{'response': 202, 'quantity': 1, 'time': ' 11:12PM'}]
2018-07-10 23:12:29,562 - INFO - Send {'action': 'add_contact', 'user_name': 'Anonymous_65', 'time': ' 11:12'}.
2018-07-10 23:12:29,590 - INFO - Received [{'response': 200, 'time': ' 11:12PM'}]
2018-07-10 23:12:29,763 - INFO - Send {'action': 'get_contacts', 'time': ' 11:12'}.
2018-07-10 23:12:29,794 - INFO - Received [{'action': 'contact_list', 'account_name': 'Anonymous_65', 'time': ' 11:12PM'}]
2018-07-10 23:12:29,795 - INFO - Received [{'response': 202, 'quantity': 1, 'time': ' 11:12PM'}]
2018-07-10 23:12:36,571 - INFO - Send {'action': 'msg', 'text': 'GAG', 'to': 'Anonymous_65', 'time': ' 11:12'}.
2018-07-10 23:12:36,609 - INFO - Received [{'action': 'msg', 'text': 'GAG', 'to': 'Anonymous_65', '_from': 'Anonymous_907', 'time': ' 11:12PM'}]
2018-07-10 23:12:36,610 - INFO - Received [{'response': 200, 'time': ' 11:12PM'}]
2018-07-10 23:12:55,832 - INFO - Send {'action': 'add_contact', 'user_name': 'Anonymous_907', 'time': ' 11:12PM'}.
2018-07-10 23:12:55,849 - INFO - Received [{'response': 200, 'time': ' 11:12PM'}]
2018-07-10 23:12:59,535 - INFO - Send {'action': 'get_contacts', 'time': ' 11:12PM'}.
2018-07-10 23:12:59,659 - INFO - Received [{'action': 'contact_list', 'account_name': 'Anonymous_907', 'time': ' 11:12PM'}]
2018-07-10 23:12:59,660 - INFO - Received [{'response': 202, 'quantity': 1, 'time': ' 11:12PM'}]
2018-07-10 23:13:05,958 - INFO - Send {'action': 'msg', 'text': 'GAG2', 'time': ' 11:13PM'}.
2018-07-10 23:13:06,073 - INFO - Received [{'action': 'msg', 'text': 'GAG2', 'to': 'Anonymous_907', '_from': 'Anonymous_65', 'time': ' 11:13PM'}]
2018-07-10 23:13:06,073 - INFO - Received [{'response': 200, 'time': ' 11:13PM'}]
2018-07-10 23:13:16,599 - INFO - Send {'action': 'del_contact', 'user_name': 'Anonymous_65', 'time': ' 11:13'}.
2018-07-10 23:13:16,702 - INFO - Received [{'response': 200, 'time': ' 11:13PM'}]
2018-07-10 23:13:16,801 - INFO - Send {'action': 'get_contacts', 'time': ' 11:13'}.
2018-07-10 23:13:16,906 - INFO - Received [{'response': 202, 'quantity': 0, 'time': ' 11:13PM'}]
