2018-07-10 22:09:40,079 - INFO - Received [{'action': 'presence', 'user': {'account_name': 'Anonymous_165', 'status': "Yep, I'am here!"}, 'time': ' 10:09PM'}]
2018-07-10 22:09:40,092 - INFO - Send {'response': 200, 'time': ' 10:09PM'}.
2018-07-10 22:50:15,762 - INFO - Received []
2018-07-10 22:51:17,609 - INFO - Received [{'action': 'presence', 'user': {'account_name': 'Anonymous_138', 'status': "Yep, I'am here!"}, 'time': ' 10:51PM'}]
2018-07-10 22:51:17,625 - INFO - Send {'response': 200, 'time': ' 10:51PM'}.
2018-07-10 22:54:11,101 - INFO - Received []
2018-07-10 23:04:31,975 - INFO - Received [{'action': 'presence', 'user': {'account_name': 'Anonymous_690', 'status': "Yep, I'am here!"}, 'time': ' 11:04PM'}]
2018-07-10 23:04:31,990 - INFO - Send {'response': 200, 'time': ' 11:04PM'}.
2018-07-10 23:04:37,458 - INFO - Received [{'action': 'presence', 'user': {'account_name': 'Anonymous_507', 'status': "Yep, I'am here!"}, 'time': ' 11:04'}]
2018-07-10 23:04:37,465 - INFO - Send {'response': 200, 'time': ' 11:04PM'}.
2018-07-10 23:04:37,665 - INFO - Received [{'action': 'get_contacts', 'time': ' 11:04'}]
2018-07-10 23:04:37,670 - INFO - Send {'response': 202, 'quantity': 0, 'time': ' 11:04PM'}.
2018-07-10 23:06:32,050 - INFO - Received [{'action': 'add_contact', 'user_name': 'Anonymous_690', 'time': ' 11:06'}]
2018-07-10 23:06:32,058 - INFO - Send {'response': 200, 'time': ' 11:06PM'}.
2018-07-10 23:06:32,259 - INFO - Received [{'action': 'get_contacts', 'time': ' 11:06'}]
2018-07-10 23:06:32,264 - INFO - Send {'action': 'contact_list', 'account_name': 'Anonymous_690', 'time': ' 11:06PM'}.
2018-07-10 23:06:32,264 - INFO - Send {'response': 202, 'quantity': 1, 'time': ' 11:06PM'}.
2018-07-10 23:06:42,481 - INFO - Received [{'action': 'msg', 'text': 'Privet', 'to': 'Anonymous_690', 'time': ' 11:06'}]
2018-07-10 23:06:42,483 - INFO - Send {'action': 'msg', 'text': 'Privet', 'to': 'Anonymous_690', '_from': 'Anonymous_507', 'time': ' 11:06PM'}.
2018-07-10 23:06:42,484 - INFO - Send {'response': 200, 'time': ' 11:06PM'}.
2018-07-10 23:06:58,910 - INFO - Received [{'action': 'get_contacts', 'time': ' 11:06PM'}]
2018-07-10 23:06:58,914 - INFO - Send {'response': 202, 'quantity': 0, 'time': ' 11:06PM'}.
2018-07-10 23:07:28,161 - INFO - Received [{'action': 'add_contact', 'user_name': 'Anonymous_507', 'time': ' 11:07PM'}]
2018-07-10 23:07:28,172 - INFO - Send {'response': 200, 'time': ' 11:07PM'}.
2018-07-10 23:07:34,383 - INFO - Received [{'action': 'get_contacts', 'time': ' 11:07PM'}]
2018-07-10 23:07:34,385 - INFO - Send {'action': 'contact_list', 'account_name': 'Anonymous_507', 'time': ' 11:07PM'}.
2018-07-10 23:07:34,385 - INFO - Send {'response': 202, 'quantity': 1, 'time': ' 11:07PM'}.
2018-07-10 23:07:44,802 - INFO - Received [{'action': 'msg', 'text': 'Privet', 'time': ' 11:07PM'}]
2018-07-10 23:07:44,805 - INFO - Send {'action': 'msg', 'text': 'Privet', 'to': 'Anonymous_507', '_from': 'Anonymous_690', 'time': ' 11:07PM'}.
2018-07-10 23:07:44,805 - INFO - Send {'response': 200, 'time': ' 11:07PM'}.
2018-07-10 23:08:03,235 - INFO - Received []
2018-07-10 23:08:35,685 - INFO - Received []
2018-07-10 23:11:31,914 - INFO - Received [{'action': 'presence', 'user': {'account_name': 'Anonymous_65', 'status': "Yep, I'am here!"}, 'time': ' 11:11PM'}]
2018-07-10 23:11:31,933 - INFO - Send {'response': 200, 'time': ' 11:11PM'}.
2018-07-10 23:11:36,264 - INFO - Received [{'action': 'presence', 'user': {'account_name': 'Anonymous_907', 'status': "Yep, I'am here!"}, 'time': ' 11:11'}]
2018-07-10 23:11:36,272 - INFO - Send {'response': 200, 'time': ' 11:11PM'}.
2018-07-10 23:11:36,472 - INFO - Received [{'action': 'get_contacts', 'time': ' 11:11'}]
2018-07-10 23:11:36,476 - INFO - Send {'response': 202, 'quantity': 0, 'time': ' 11:11PM'}.
2018-07-10 23:12:18,343 - INFO - Received [{'action': 'add_contact', 'user_name': 'Anonimous_65', 'time': ' 11:12'}]
2018-07-10 23:12:18,347 - INFO - Send {'response': 400, 'error': 'Contact does not exist', 'time': ' 11:12PM'}.
2018-07-10 23:12:18,547 - INFO - Received [{'action': 'get_contacts', 'time': ' 11:12'}]
2018-07-10 23:12:18,551 - INFO - Send {'response': 202, 'quantity': 0, 'time': ' 11:12PM'}.
2018-07-10 23:12:28,166 - INFO - Received [{'action': 'add_contact', 'user_name': 'Anonymous_65', 'time': ' 11:12'}]
2018-07-10 23:12:28,177 - INFO - Send {'response': 200, 'time': ' 11:12PM'}.
2018-07-10 23:12:28,378 - INFO - Received [{'action': 'get_contacts', 'time': ' 11:12'}]
2018-07-10 23:12:28,382 - INFO - Send {'action': 'contact_list', 'account_name': 'Anonymous_65', 'time': ' 11:12PM'}.
2018-07-10 23:12:28,382 - INFO - Send {'response': 202, 'quantity': 1, 'time': ' 11:12PM'}.
2018-07-10 23:12:29,585 - INFO - Received [{'action': 'add_contact', 'user_name': 'Anonymous_65', 'time': ' 11:12'}]
2018-07-10 23:12:29,590 - INFO - Send {'response': 200, 'time': ' 11:12PM'}.
2018-07-10 23:12:29,790 - INFO - Received [{'action': 'get_contacts', 'time': ' 11:12'}]
2018-07-10 23:12:29,794 - INFO - Send {'action': 'contact_list', 'account_name': 'Anonymous_65', 'time': ' 11:12PM'}.
2018-07-10 23:12:29,794 - INFO - Send {'response': 202, 'quantity': 1, 'time': ' 11:12PM'}.
2018-07-10 23:12:36,606 - INFO - Received [{'action': 'msg', 'text': 'GAG', 'to': 'Anonymous_65', 'time': ' 11:12'}]
2018-07-10 23:12:36,609 - INFO - Send {'action': 'msg', 'text': 'GAG', 'to': 'Anonymous_65', '_from': 'Anonymous_907', 'time': ' 11:12PM'}.
2018-07-10 23:12:36,610 - INFO - Send {'response': 200, 'time': ' 11:12PM'}.
2018-07-10 23:12:55,840 - INFO - Received [{'action': 'add_contact', 'user_name': 'Anonymous_907', 'time': ' 11:12PM'}]
2018-07-10 23:12:55,849 - INFO - Send {'response': 200, 'time': ' 11:12PM'}.
2018-07-10 23:12:59,655 - INFO - Received [{'action': 'get_contacts', 'time': ' 11:12PM'}]
2018-07-10 23:12:59,659 - INFO - Send {'action': 'contact_list', 'account_name': 'Anonymous_907', 'time': ' 11:12PM'}.
2018-07-10 23:12:59,659 - INFO - Send {'response': 202, 'quantity': 1, 'time': ' 11:12PM'}.
2018-07-10 23:13:06,070 - INFO - Received [{'action': 'msg', 'text': 'GAG2', 'time': ' 11:13PM'}]
2018-07-10 23:13:06,073 - INFO - Send {'action': 'msg', 'text': 'GAG2', 'to': 'Anonymous_907', '_from': 'Anonymous_65', 'time': ' 11:13PM'}.
2018-07-10 23:13:06,073 - INFO - Send {'response': 200, 'time': ' 11:13PM'}.
2018-07-10 23:13:16,690 - INFO - Received [{'action': 'del_contact', 'user_name': 'Anonymous_65', 'time': ' 11:13'}]
2018-07-10 23:13:16,702 - INFO - Send {'response': 200, 'time': ' 11:13PM'}.
2018-07-10 23:13:16,903 - INFO - Received [{'action': 'get_contacts', 'time': ' 11:13'}]
2018-07-10 23:13:16,906 - INFO - Send {'response': 202, 'quantity': 0, 'time': ' 11:13PM'}.
2018-07-10 23:13:18,909 - INFO - Received []
2018-07-10 23:13:27,523 - INFO - Received []
